<?xml version="1.0" encoding="UTF-8"?>
<testng-results skipped="0" failed="0" total="1" passed="1">
  <reporter-output>
  </reporter-output>
  <suite name="Default suite" duration-ms="22054" started-at="2018-09-19T07:13:22Z" finished-at="2018-09-19T07:13:44Z">
    <groups>
    </groups>
    <test name="Default test" duration-ms="22054" started-at="2018-09-19T07:13:22Z" finished-at="2018-09-19T07:13:44Z">
      <class name="com.javacodegeeks.testng.maven.mavendemo.NewTest">
        <test-method status="PASS" signature="beforeClass()[pri:0, instance:com.javacodegeeks.testng.maven.mavendemo.NewTest@72a7c7e0]" name="beforeClass" is-config="true" duration-ms="19959" started-at="2018-09-19T12:43:22Z" finished-at="2018-09-19T12:43:42Z">
          <reporter-output>
          </reporter-output>
        </test-method> <!-- beforeClass -->
        <test-method status="PASS" signature="beforeMethod()[pri:0, instance:com.javacodegeeks.testng.maven.mavendemo.NewTest@72a7c7e0]" name="beforeMethod" is-config="true" duration-ms="1000" started-at="2018-09-19T12:43:42Z" finished-at="2018-09-19T12:43:43Z">
          <reporter-output>
          </reporter-output>
        </test-method> <!-- beforeMethod -->
        <test-method status="PASS" signature="actions()[pri:0, instance:com.javacodegeeks.testng.maven.mavendemo.NewTest@72a7c7e0]" name="actions" duration-ms="39" started-at="2018-09-19T12:43:43Z" finished-at="2018-09-19T12:43:43Z">
          <reporter-output>
          </reporter-output>
        </test-method> <!-- actions -->
        <test-method status="PASS" signature="afterMethod()[pri:0, instance:com.javacodegeeks.testng.maven.mavendemo.NewTest@72a7c7e0]" name="afterMethod" is-config="true" duration-ms="1001" started-at="2018-09-19T12:43:43Z" finished-at="2018-09-19T12:43:44Z">
          <reporter-output>
          </reporter-output>
        </test-method> <!-- afterMethod -->
      </class> <!-- com.javacodegeeks.testng.maven.mavendemo.NewTest -->
    </test> <!-- Default test -->
  </suite> <!-- Default suite -->
</testng-results>
