<?xml version="1.0" encoding="UTF-8"?>
<testng-results skipped="0" failed="0" total="1" passed="1">
  <reporter-output>
  </reporter-output>
  <suite name="Default suite" duration-ms="10597" started-at="2018-09-13T11:56:52Z" finished-at="2018-09-13T11:57:03Z">
    <groups>
    </groups>
    <test name="Default test" duration-ms="10597" started-at="2018-09-13T11:56:52Z" finished-at="2018-09-13T11:57:03Z">
      <class name="com.javacodegeeks.testng.maven.mavendemo.NewTest">
        <test-method status="PASS" signature="beforeClass()[pri:0, instance:com.javacodegeeks.testng.maven.mavendemo.NewTest@1810399e]" name="beforeClass" is-config="true" duration-ms="8554" started-at="2018-09-13T17:26:52Z" finished-at="2018-09-13T17:27:01Z">
          <reporter-output>
          </reporter-output>
        </test-method> <!-- beforeClass -->
        <test-method status="PASS" signature="beforeMethod()[pri:0, instance:com.javacodegeeks.testng.maven.mavendemo.NewTest@1810399e]" name="beforeMethod" is-config="true" duration-ms="1001" started-at="2018-09-13T17:27:01Z" finished-at="2018-09-13T17:27:02Z">
          <reporter-output>
          </reporter-output>
        </test-method> <!-- beforeMethod -->
        <test-method status="PASS" signature="actions()[pri:0, instance:com.javacodegeeks.testng.maven.mavendemo.NewTest@1810399e]" name="actions" duration-ms="17" started-at="2018-09-13T17:27:02Z" finished-at="2018-09-13T17:27:02Z">
          <reporter-output>
          </reporter-output>
        </test-method> <!-- actions -->
        <test-method status="PASS" signature="afterMethod()[pri:0, instance:com.javacodegeeks.testng.maven.mavendemo.NewTest@1810399e]" name="afterMethod" is-config="true" duration-ms="1001" started-at="2018-09-13T17:27:02Z" finished-at="2018-09-13T17:27:03Z">
          <reporter-output>
          </reporter-output>
        </test-method> <!-- afterMethod -->
      </class> <!-- com.javacodegeeks.testng.maven.mavendemo.NewTest -->
    </test> <!-- Default test -->
  </suite> <!-- Default suite -->
</testng-results>
